mode: set
cms-backend/internal/store/albums.go:23.79,31.2 3 1
cms-backend/internal/store/albums.go:33.89,45.2 3 0
cms-backend/internal/store/albums.go:47.66,50.2 2 0
cms-backend/internal/store/albums.go:52.65,56.16 2 0
cms-backend/internal/store/albums.go:56.16,58.3 1 0
cms-backend/internal/store/albums.go:59.2,62.18 3 0
cms-backend/internal/store/albums.go:62.18,64.17 2 0
cms-backend/internal/store/albums.go:64.17,66.4 1 0
cms-backend/internal/store/albums.go:67.3,67.34 1 0
cms-backend/internal/store/albums.go:69.2,69.27 1 0
cms-backend/internal/store/albums.go:72.77,77.2 2 0
cms-backend/internal/store/albums.go:79.82,84.2 2 0
cms-backend/internal/store/albums.go:88.20,98.16 3 1
cms-backend/internal/store/albums.go:98.16,99.36 1 0
cms-backend/internal/store/albums.go:99.36,101.4 1 0
cms-backend/internal/store/albums.go:102.3,102.18 1 0
cms-backend/internal/store/albums.go:104.2,104.19 1 1
cms-backend/internal/store/images.go:24.79,32.2 3 1
cms-backend/internal/store/images.go:34.89,47.2 3 0
cms-backend/internal/store/images.go:49.66,52.2 2 0
cms-backend/internal/store/images.go:54.65,58.16 2 0
cms-backend/internal/store/images.go:58.16,60.3 1 0
cms-backend/internal/store/images.go:61.2,64.18 3 0
cms-backend/internal/store/images.go:64.18,66.17 2 0
cms-backend/internal/store/images.go:66.17,68.4 1 0
cms-backend/internal/store/images.go:69.3,69.34 1 0
cms-backend/internal/store/images.go:71.2,71.27 1 0
cms-backend/internal/store/images.go:74.77,79.2 2 0
cms-backend/internal/store/images.go:83.20,94.16 3 1
cms-backend/internal/store/images.go:94.16,95.36 1 0
cms-backend/internal/store/images.go:95.36,97.4 1 0
cms-backend/internal/store/images.go:98.3,98.18 1 0
cms-backend/internal/store/images.go:100.2,100.19 1 1
cms-backend/internal/store/links.go:18.87,24.2 2 0
cms-backend/internal/store/links.go:26.91,33.16 2 0
cms-backend/internal/store/links.go:33.16,35.3 1 0
cms-backend/internal/store/links.go:36.2,39.18 3 0
cms-backend/internal/store/links.go:39.18,41.17 2 0
cms-backend/internal/store/links.go:41.17,43.4 1 0
cms-backend/internal/store/links.go:44.3,44.34 1 0
cms-backend/internal/store/links.go:46.2,46.27 1 0
cms-backend/internal/store/links.go:49.104,56.2 2 1
cms-backend/internal/store/links.go:58.93,65.16 2 1
cms-backend/internal/store/links.go:65.16,67.3 1 0
cms-backend/internal/store/links.go:68.2,71.18 3 1
cms-backend/internal/store/links.go:71.18,73.17 2 1
cms-backend/internal/store/links.go:73.17,75.4 1 0
cms-backend/internal/store/links.go:76.3,76.34 1 1
cms-backend/internal/store/links.go:78.2,78.27 1 1
cms-backend/internal/store/oauth_states.go:12.75,15.2 2 1
cms-backend/internal/store/oauth_states.go:17.84,19.16 2 1
cms-backend/internal/store/oauth_states.go:19.16,21.3 1 0
cms-backend/internal/store/oauth_states.go:22.2,23.16 2 1
cms-backend/internal/store/oauth_states.go:23.16,25.3 1 0
cms-backend/internal/store/oauth_states.go:26.2,26.26 1 1
cms-backend/internal/store/posts.go:26.75,34.2 3 1
cms-backend/internal/store/posts.go:36.85,51.2 3 0
cms-backend/internal/store/posts.go:53.65,56.2 2 0
cms-backend/internal/store/posts.go:58.78,61.18 3 0
cms-backend/internal/store/posts.go:61.18,64.3 2 0
cms-backend/internal/store/posts.go:65.2,68.16 3 0
cms-backend/internal/store/posts.go:68.16,70.3 1 0
cms-backend/internal/store/posts.go:71.2,74.18 3 0
cms-backend/internal/store/posts.go:74.18,76.17 2 0
cms-backend/internal/store/posts.go:76.17,78.4 1 0
cms-backend/internal/store/posts.go:79.3,79.31 1 0
cms-backend/internal/store/posts.go:81.2,81.26 1 0
cms-backend/internal/store/posts.go:84.75,89.2 2 0
cms-backend/internal/store/posts.go:91.80,96.2 2 0
cms-backend/internal/store/posts.go:100.19,113.16 3 1
cms-backend/internal/store/posts.go:113.16,114.36 1 0
cms-backend/internal/store/posts.go:114.36,116.4 1 0
cms-backend/internal/store/posts.go:117.3,117.18 1 0
cms-backend/internal/store/posts.go:119.2,119.18 1 1
cms-backend/internal/store/sessions.go:22.75,29.2 3 1
cms-backend/internal/store/sessions.go:31.88,40.16 3 1
cms-backend/internal/store/sessions.go:40.16,41.36 1 1
cms-backend/internal/store/sessions.go:41.36,43.4 1 1
cms-backend/internal/store/sessions.go:44.3,44.18 1 0
cms-backend/internal/store/sessions.go:46.2,46.21 1 1
cms-backend/internal/store/sessions.go:49.79,52.2 2 1
cms-backend/internal/store/sessions.go:54.65,57.2 2 1
cms-backend/internal/store/store.go:15.29,25.2 1 0
cms-backend/internal/store/users.go:22.96,33.16 3 1
cms-backend/internal/store/users.go:33.16,35.3 1 0
cms-backend/internal/store/users.go:36.2,36.18 1 1
cms-backend/internal/store/users.go:39.75,44.16 3 1
cms-backend/internal/store/users.go:44.16,45.36 1 1
cms-backend/internal/store/users.go:45.36,47.4 1 1
cms-backend/internal/store/users.go:48.3,48.18 1 0
cms-backend/internal/store/users.go:50.2,50.18 1 1
cms-backend/internal/handler/albums.go:18.73,20.46 2 0
cms-backend/internal/handler/albums.go:20.46,23.3 2 0
cms-backend/internal/handler/albums.go:25.2,25.85 1 0
cms-backend/internal/handler/albums.go:25.85,28.3 2 0
cms-backend/internal/handler/albums.go:30.2,37.16 3 0
cms-backend/internal/handler/albums.go:37.16,40.3 2 0
cms-backend/internal/handler/albums.go:42.2,42.43 1 0
cms-backend/internal/handler/albums.go:45.72,47.16 2 0
cms-backend/internal/handler/albums.go:47.16,50.3 2 0
cms-backend/internal/handler/albums.go:51.2,51.37 1 0
cms-backend/internal/handler/albums.go:54.70,56.16 2 0
cms-backend/internal/handler/albums.go:56.16,59.3 2 0
cms-backend/internal/handler/albums.go:61.2,62.32 2 0
cms-backend/internal/handler/albums.go:62.32,65.3 2 0
cms-backend/internal/handler/albums.go:66.2,66.36 1 0
cms-backend/internal/handler/albums.go:69.76,71.16 2 0
cms-backend/internal/handler/albums.go:71.16,74.3 2 0
cms-backend/internal/handler/albums.go:76.2,77.32 2 0
cms-backend/internal/handler/albums.go:77.32,80.3 2 0
cms-backend/internal/handler/albums.go:81.2,81.36 1 0
cms-backend/internal/handler/albums.go:84.73,86.16 2 0
cms-backend/internal/handler/albums.go:86.16,89.3 2 0
cms-backend/internal/handler/albums.go:91.2,92.46 2 0
cms-backend/internal/handler/albums.go:92.46,95.3 2 0
cms-backend/internal/handler/albums.go:97.2,97.85 1 0
cms-backend/internal/handler/albums.go:97.85,100.3 2 0
cms-backend/internal/handler/albums.go:102.2,109.34 3 0
cms-backend/internal/handler/albums.go:109.34,112.3 2 0
cms-backend/internal/handler/albums.go:114.2,114.38 1 0
cms-backend/internal/handler/albums.go:117.73,119.16 2 0
cms-backend/internal/handler/albums.go:119.16,122.3 2 0
cms-backend/internal/handler/albums.go:124.2,124.68 1 0
cms-backend/internal/handler/albums.go:124.68,127.3 2 0
cms-backend/internal/handler/albums.go:129.2,129.69 1 0
cms-backend/internal/handler/albums.go:132.76,134.16 2 0
cms-backend/internal/handler/albums.go:134.16,137.3 2 0
cms-backend/internal/handler/albums.go:139.2,143.46 2 0
cms-backend/internal/handler/albums.go:143.46,146.3 2 0
cms-backend/internal/handler/albums.go:148.2,148.26 1 0
cms-backend/internal/handler/albums.go:148.26,151.3 2 0
cms-backend/internal/handler/albums.go:153.2,153.113 1 0
cms-backend/internal/handler/albums.go:153.113,156.3 2 0
cms-backend/internal/handler/albums.go:158.2,158.68 1 0
cms-backend/internal/handler/albums.go:161.77,163.16 2 0
cms-backend/internal/handler/albums.go:163.16,166.3 2 0
cms-backend/internal/handler/albums.go:168.2,169.16 2 0
cms-backend/internal/handler/albums.go:169.16,172.3 2 0
cms-backend/internal/handler/albums.go:174.2,174.37 1 0
cms-backend/internal/handler/api.go:21.108,28.2 1 0
cms-backend/internal/handler/api.go:30.37,35.38 4 0
cms-backend/internal/handler/api.go:35.38,40.3 4 0
cms-backend/internal/handler/api.go:42.2,42.39 1 0
cms-backend/internal/handler/api.go:42.39,46.43 4 0
cms-backend/internal/handler/api.go:46.43,52.4 5 0
cms-backend/internal/handler/api.go:55.2,55.40 1 0
cms-backend/internal/handler/api.go:55.40,59.44 4 0
cms-backend/internal/handler/api.go:59.44,65.4 5 0
cms-backend/internal/handler/api.go:68.2,68.40 1 0
cms-backend/internal/handler/api.go:68.40,72.44 4 0
cms-backend/internal/handler/api.go:72.44,76.4 3 0
cms-backend/internal/handler/api.go:79.2,79.10 1 0
cms-backend/internal/handler/api.go:82.62,83.71 1 0
cms-backend/internal/handler/api.go:83.71,85.48 2 0
cms-backend/internal/handler/api.go:85.48,90.4 4 0
cms-backend/internal/handler/api.go:91.3,91.37 1 0
cms-backend/internal/handler/api.go:91.37,94.4 2 0
cms-backend/internal/handler/api.go:95.3,95.23 1 0
cms-backend/internal/handler/api.go:99.51,100.36 1 0
cms-backend/internal/handler/api.go:100.36,102.3 1 0
cms-backend/internal/handler/api.go:103.2,103.47 1 0
cms-backend/internal/handler/api.go:103.47,104.43 1 0
cms-backend/internal/handler/api.go:104.43,106.4 1 0
cms-backend/internal/handler/api.go:108.2,108.14 1 0
cms-backend/internal/handler/api.go:111.68,113.2 1 0
cms-backend/internal/handler/auth.go:16.67,18.16 2 0
cms-backend/internal/handler/auth.go:18.16,21.3 2 0
cms-backend/internal/handler/auth.go:23.2,23.65 1 0
cms-backend/internal/handler/auth.go:23.65,26.3 2 0
cms-backend/internal/handler/auth.go:28.2,29.62 2 0
cms-backend/internal/handler/auth.go:32.70,35.31 3 0
cms-backend/internal/handler/auth.go:35.31,38.3 2 0
cms-backend/internal/handler/auth.go:40.2,41.31 2 0
cms-backend/internal/handler/auth.go:41.31,44.3 2 0
cms-backend/internal/handler/auth.go:46.2,47.16 2 0
cms-backend/internal/handler/auth.go:47.16,50.3 2 0
cms-backend/internal/handler/auth.go:52.2,53.29 2 0
cms-backend/internal/handler/auth.go:53.29,56.3 2 0
cms-backend/internal/handler/auth.go:58.2,59.16 2 0
cms-backend/internal/handler/auth.go:59.16,62.3 2 0
cms-backend/internal/handler/auth.go:64.2,65.16 2 0
cms-backend/internal/handler/auth.go:65.16,68.3 2 0
cms-backend/internal/handler/auth.go:70.2,71.16 2 0
cms-backend/internal/handler/auth.go:71.16,74.3 2 0
cms-backend/internal/handler/auth.go:76.2,81.70 2 0
cms-backend/internal/handler/auth.go:81.70,84.3 2 0
cms-backend/internal/handler/auth.go:86.2,87.33 2 0
cms-backend/internal/handler/auth.go:87.33,90.3 2 0
cms-backend/internal/handler/auth.go:92.2,92.59 1 0
cms-backend/internal/handler/auth.go:95.68,97.17 2 0
cms-backend/internal/handler/auth.go:97.17,99.3 1 0
cms-backend/internal/handler/auth.go:101.2,110.72 2 0
cms-backend/internal/handler/auth.go:113.68,115.17 2 0
cms-backend/internal/handler/auth.go:115.17,118.3 2 0
cms-backend/internal/handler/auth.go:119.2,119.59 1 0
cms-backend/internal/handler/auth.go:122.65,124.16 2 1
cms-backend/internal/handler/auth.go:124.16,126.3 1 1
cms-backend/internal/handler/auth.go:127.2,127.26 1 1
cms-backend/internal/handler/auth.go:130.69,140.2 1 0
cms-backend/internal/handler/images.go:34.74,36.46 2 0
cms-backend/internal/handler/images.go:36.46,39.3 2 0
cms-backend/internal/handler/images.go:41.2,41.95 1 0
cms-backend/internal/handler/images.go:41.95,44.3 2 0
cms-backend/internal/handler/images.go:46.2,50.16 4 0
cms-backend/internal/handler/images.go:50.16,53.3 2 0
cms-backend/internal/handler/images.go:55.2,60.4 2 0
cms-backend/internal/handler/images.go:63.73,65.46 2 0
cms-backend/internal/handler/images.go:65.46,68.3 2 0
cms-backend/internal/handler/images.go:70.2,70.44 1 0
cms-backend/internal/handler/images.go:70.44,73.3 2 0
cms-backend/internal/handler/images.go:75.2,84.16 3 0
cms-backend/internal/handler/images.go:84.16,87.3 2 0
cms-backend/internal/handler/images.go:89.2,89.43 1 0
cms-backend/internal/handler/images.go:92.72,94.16 2 0
cms-backend/internal/handler/images.go:94.16,97.3 2 0
cms-backend/internal/handler/images.go:99.2,99.37 1 0
cms-backend/internal/handler/images.go:102.70,104.16 2 0
cms-backend/internal/handler/images.go:104.16,107.3 2 0
cms-backend/internal/handler/images.go:109.2,110.32 2 0
cms-backend/internal/handler/images.go:110.32,113.3 2 0
cms-backend/internal/handler/images.go:115.2,115.36 1 0
cms-backend/internal/handler/images.go:118.73,120.16 2 0
cms-backend/internal/handler/images.go:120.16,123.3 2 0
cms-backend/internal/handler/images.go:125.2,126.46 2 0
cms-backend/internal/handler/images.go:126.46,129.3 2 0
cms-backend/internal/handler/images.go:131.2,131.44 1 0
cms-backend/internal/handler/images.go:131.44,134.3 2 0
cms-backend/internal/handler/images.go:136.2,145.34 3 0
cms-backend/internal/handler/images.go:145.34,148.3 2 0
cms-backend/internal/handler/images.go:150.2,150.38 1 0
cms-backend/internal/handler/images.go:153.73,155.16 2 0
cms-backend/internal/handler/images.go:155.16,158.3 2 0
cms-backend/internal/handler/images.go:160.2,160.68 1 0
cms-backend/internal/handler/images.go:160.68,163.3 2 0
cms-backend/internal/handler/images.go:165.2,165.69 1 0
cms-backend/internal/handler/middleware.go:15.72,16.54 1 1
cms-backend/internal/handler/middleware.go:16.54,18.32 2 1
cms-backend/internal/handler/middleware.go:18.32,21.4 2 1
cms-backend/internal/handler/middleware.go:23.3,24.75 2 1
cms-backend/internal/handler/middleware.go:24.75,27.4 2 0
cms-backend/internal/handler/middleware.go:29.3,30.32 2 1
cms-backend/internal/handler/middleware.go:30.32,33.4 2 0
cms-backend/internal/handler/middleware.go:35.3,36.30 2 1
cms-backend/internal/handler/middleware.go:40.67,41.54 1 1
cms-backend/internal/handler/middleware.go:41.54,43.32 2 1
cms-backend/internal/handler/middleware.go:43.32,46.4 2 1
cms-backend/internal/handler/middleware.go:48.3,49.35 2 1
cms-backend/internal/handler/middleware.go:49.35,52.4 2 0
cms-backend/internal/handler/middleware.go:53.3,53.43 1 1
cms-backend/internal/handler/middleware.go:53.43,56.4 2 0
cms-backend/internal/handler/middleware.go:58.3,59.32 2 1
cms-backend/internal/handler/middleware.go:59.32,62.4 2 0
cms-backend/internal/handler/middleware.go:64.3,65.30 2 1
cms-backend/internal/handler/middleware.go:69.55,71.18 2 1
cms-backend/internal/handler/middleware.go:71.18,73.3 1 1
cms-backend/internal/handler/middleware.go:74.2,75.13 2 1
cms-backend/internal/handler/posts.go:22.72,24.46 2 0
cms-backend/internal/handler/posts.go:24.46,27.3 2 0
cms-backend/internal/handler/posts.go:29.2,29.130 1 0
cms-backend/internal/handler/posts.go:29.130,32.3 2 0
cms-backend/internal/handler/posts.go:34.2,45.16 4 0
cms-backend/internal/handler/posts.go:45.16,48.3 2 0
cms-backend/internal/handler/posts.go:50.2,50.43 1 0
cms-backend/internal/handler/posts.go:53.71,55.41 2 0
cms-backend/internal/handler/posts.go:55.41,57.3 1 0
cms-backend/internal/handler/posts.go:59.2,60.16 2 0
cms-backend/internal/handler/posts.go:60.16,63.3 2 0
cms-backend/internal/handler/posts.go:65.2,65.36 1 0
cms-backend/internal/handler/posts.go:68.69,70.16 2 0
cms-backend/internal/handler/posts.go:70.16,73.3 2 0
cms-backend/internal/handler/posts.go:75.2,76.31 2 0
cms-backend/internal/handler/posts.go:76.31,79.3 2 0
cms-backend/internal/handler/posts.go:81.2,81.71 1 0
cms-backend/internal/handler/posts.go:81.71,84.3 2 0
cms-backend/internal/handler/posts.go:86.2,86.35 1 0
cms-backend/internal/handler/posts.go:89.75,91.16 2 0
cms-backend/internal/handler/posts.go:91.16,94.3 2 0
cms-backend/internal/handler/posts.go:96.2,97.31 2 0
cms-backend/internal/handler/posts.go:97.31,100.3 2 0
cms-backend/internal/handler/posts.go:102.2,102.71 1 0
cms-backend/internal/handler/posts.go:102.71,105.3 2 0
cms-backend/internal/handler/posts.go:107.2,107.35 1 0
cms-backend/internal/handler/posts.go:110.72,112.16 2 0
cms-backend/internal/handler/posts.go:112.16,115.3 2 0
cms-backend/internal/handler/posts.go:117.2,118.46 2 0
cms-backend/internal/handler/posts.go:118.46,121.3 2 0
cms-backend/internal/handler/posts.go:123.2,123.130 1 0
cms-backend/internal/handler/posts.go:123.130,126.3 2 0
cms-backend/internal/handler/posts.go:128.2,139.34 4 0
cms-backend/internal/handler/posts.go:139.34,142.3 2 0
cms-backend/internal/handler/posts.go:144.2,144.38 1 0
cms-backend/internal/handler/posts.go:147.72,149.16 2 0
cms-backend/internal/handler/posts.go:149.16,152.3 2 0
cms-backend/internal/handler/posts.go:154.2,154.66 1 0
cms-backend/internal/handler/posts.go:154.66,157.3 2 0
cms-backend/internal/handler/posts.go:159.2,159.69 1 0
cms-backend/internal/handler/posts.go:162.75,164.16 2 0
cms-backend/internal/handler/posts.go:164.16,167.3 2 0
cms-backend/internal/handler/posts.go:169.2,172.46 2 0
cms-backend/internal/handler/posts.go:172.46,175.3 2 0
cms-backend/internal/handler/posts.go:177.2,177.26 1 0
cms-backend/internal/handler/posts.go:177.26,180.3 2 0
cms-backend/internal/handler/posts.go:182.2,182.92 1 0
cms-backend/internal/handler/posts.go:182.92,185.3 2 0
cms-backend/internal/handler/posts.go:187.2,187.68 1 0
cms-backend/internal/handler/posts.go:190.76,192.16 2 0
cms-backend/internal/handler/posts.go:192.16,195.3 2 0
cms-backend/internal/handler/posts.go:197.2,198.16 2 0
cms-backend/internal/handler/posts.go:198.16,201.3 2 0
cms-backend/internal/handler/posts.go:203.2,203.37 1 0
cms-backend/internal/handler/posts.go:206.44,207.52 1 0
cms-backend/internal/handler/posts.go:208.19,209.21 1 0
cms-backend/internal/handler/posts.go:210.18,211.20 1 0
cms-backend/internal/handler/posts.go:212.10,213.17 1 0
cms-backend/internal/handler/utils.go:12.64,16.2 3 1
cms-backend/internal/handler/utils.go:18.68,20.2 1 1
cms-backend/internal/handler/utils.go:22.51,25.48 3 1
cms-backend/internal/handler/utils.go:25.48,27.3 1 1
cms-backend/internal/handler/utils.go:28.2,28.12 1 1
cms-backend/internal/handler/utils.go:31.43,32.17 1 1
cms-backend/internal/handler/utils.go:32.17,34.3 1 1
cms-backend/internal/handler/utils.go:35.2,36.16 2 1
cms-backend/internal/handler/utils.go:36.16,38.3 1 1
cms-backend/internal/handler/utils.go:39.2,39.16 1 1
cms-backend/internal/handler/utils.go:42.44,44.43 2 1
cms-backend/internal/handler/utils.go:44.43,46.3 1 0
cms-backend/internal/handler/utils.go:47.2,47.56 1 1
